#
# There is insufficient memory for the Java Runtime Environment to continue.
# Native memory allocation (malloc) failed to allocate 131088 bytes for Chunk::new
# Possible reasons:
#   The system is out of physical RAM or swap space
#   In 32 bit mode, the process size limit was hit
# Possible solutions:
#   Reduce memory load on the system
#   Increase physical memory or swap space
#   Check if swap backing store is full
#   Use 64 bit Java on a 64 bit OS
#   Decrease Java heap size (-Xmx/-Xms)
#   Decrease number of Java threads
#   Decrease Java thread stack sizes (-Xss)
#   Set larger code cache with -XX:ReservedCodeCacheSize=
# This output file may be truncated or incomplete.
#
#  Out of Memory Error (allocation.cpp:390), pid=8308, tid=0x000000000000433c
#
# JRE version: OpenJDK Runtime Environment (8.0_152-b06) (build 1.8.0_152-release-1136-b06)
# Java VM: OpenJDK 64-Bit Server VM (25.152-b06 mixed mode windows-amd64 compressed oops)
# Failed to write core dump. Minidumps are not enabled by default on client versions of Windows
#

---------------  T H R E A D  ---------------

Current thread (0x0000000017de6800):  JavaThread "C2 CompilerThread1" daemon [_thread_in_native, id=17212, stack(0x0000000019530000,0x0000000019630000)]

Stack: [0x0000000019530000,0x0000000019630000]
[error occurred during error reporting (printing stack bounds), id 0xc0000005]

Native frames: (J=compiled Java code, j=interpreted, Vv=VM code, C=native code)


Current CompileTask:
C2:   6219 4094       4       sun.reflect.generics.parser.SignatureParser::parsePackageNameAndSimpleClassTypeSignature (139 bytes)


---------------  P R O C E S S  ---------------

Java Threads: ( => current thread )
  0x000000001f95c800 JavaThread "Memory manager" [_thread_blocked, id=25160, stack(0x00000000237f0000,0x00000000238f0000)]
  0x000000001f95e000 JavaThread "Build operations Thread 12" [_thread_blocked, id=21244, stack(0x00000000230f0000,0x00000000231f0000)]
  0x000000001f95d800 JavaThread "Build operations Thread 11" [_thread_blocked, id=4556, stack(0x0000000022ff0000,0x00000000230f0000)]
  0x000000001f95a800 JavaThread "Build operations Thread 10" [_thread_blocked, id=12328, stack(0x0000000022ef0000,0x0000000022ff0000)]
  0x000000001f95f000 JavaThread "Build operations Thread 9" [_thread_blocked, id=25288, stack(0x0000000022df0000,0x0000000022ef0000)]
  0x000000001f959800 JavaThread "Build operations Thread 8" [_thread_blocked, id=24184, stack(0x0000000022cf0000,0x0000000022df0000)]
  0x000000001adf6800 JavaThread "Build operations Thread 7" [_thread_blocked, id=25352, stack(0x0000000022bf0000,0x0000000022cf0000)]
  0x000000001adf4800 JavaThread "Build operations Thread 6" [_thread_blocked, id=24592, stack(0x0000000022af0000,0x0000000022bf0000)]
  0x000000001adfb000 JavaThread "Build operations Thread 5" [_thread_blocked, id=19736, stack(0x00000000229f0000,0x0000000022af0000)]
  0x000000001adf9000 JavaThread "Build operations Thread 4" [_thread_blocked, id=8860, stack(0x0000000021480000,0x0000000021580000)]
  0x000000001adf8000 JavaThread "Build operations Thread 3" [_thread_blocked, id=24496, stack(0x0000000021380000,0x0000000021480000)]
  0x000000001adf5000 JavaThread "Build operations Thread 2" [_thread_blocked, id=24660, stack(0x0000000021280000,0x0000000021380000)]
  0x000000001adfa800 JavaThread "Build operations" [_thread_blocked, id=13596, stack(0x0000000021180000,0x0000000021280000)]
  0x000000001adf6000 JavaThread "Cache worker for Artifact transforms cache (C:\Users\User\.gradle\caches\transforms-1)" [_thread_blocked, id=24596, stack(0x0000000020e80000,0x0000000020f80000)]
  0x000000001b1ad000 JavaThread "Cache worker for file hash cache (C:\Users\User\AndroidStudioProjects\lab_rsreu_system_of_linear_equations_2cource_7413\.gradle\4.6\fileHashes)" [_thread_blocked, id=23696, stack(0x000000001d780000,0x000000001d880000)]
  0x000000001abb6000 JavaThread "File lock request listener" [_thread_in_native, id=9708, stack(0x000000001c6b0000,0x000000001c7b0000)]
  0x000000001ae21800 JavaThread "Cache worker for file hash cache (C:\Users\User\.gradle\caches\4.6\fileHashes)" [_thread_blocked, id=14808, stack(0x000000001c5b0000,0x000000001c6b0000)]
  0x000000001abb9000 JavaThread "Stdin handler" [_thread_blocked, id=10608, stack(0x000000001c2b0000,0x000000001c3b0000)]
  0x000000001aba5000 JavaThread "Asynchronous log dispatcher for DefaultDaemonConnection: socket connection from /127.0.0.1:53387 to /127.0.0.1:53388" [_thread_blocked, id=24248, stack(0x000000001c1b0000,0x000000001c2b0000)]
  0x000000001aba1800 JavaThread "Daemon worker" [_thread_in_vm, id=21468, stack(0x000000001bfb0000,0x000000001c0b0000)]
  0x000000001ab9b000 JavaThread "Cancel handler" [_thread_blocked, id=20668, stack(0x000000001beb0000,0x000000001bfb0000)]
  0x000000001ab8e800 JavaThread "Handler for socket connection from /127.0.0.1:53387 to /127.0.0.1:53388" [_thread_in_native, id=12260, stack(0x000000001bbb0000,0x000000001bcb0000)]
  0x000000001ab89800 JavaThread "Daemon" [_thread_blocked, id=1692, stack(0x000000001bab0000,0x000000001bbb0000)]
  0x000000001aa39000 JavaThread "Daemon periodic checks" [_thread_blocked, id=8784, stack(0x000000001b9b0000,0x000000001bab0000)]
  0x000000001aa3b800 JavaThread "Incoming local TCP Connector on port 53387" [_thread_in_native, id=24280, stack(0x000000001b760000,0x000000001b860000)]
  0x0000000017e7a000 JavaThread "Service Thread" daemon [_thread_blocked, id=16264, stack(0x0000000019830000,0x0000000019930000)]
  0x0000000016719000 JavaThread "C1 CompilerThread3" daemon [_thread_blocked, id=9800, stack(0x0000000019730000,0x0000000019830000)]
  0x0000000017deb000 JavaThread "C2 CompilerThread2" daemon [_thread_in_native, id=21268, stack(0x0000000019630000,0x0000000019730000)]
=>0x0000000017de6800 JavaThread "C2 CompilerThread1" daemon [_thread_in_native, id=17212, stack(0x0000000019530000,0x0000000019630000)]
  0x0000000017de0800 JavaThread "C2 CompilerThread0" daemon [_thread_in_native, id=24504, stack(0x0000000019430000,0x0000000019530000)]
  0x0000000017df0000 JavaThread "Attach Listener" daemon [_thread_blocked, id=21552, stack(0x0000000019330000,0x0000000019430000)]
  0x0000000017def000 JavaThread "Signal Dispatcher" daemon [_thread_blocked, id=10064, stack(0x0000000019230000,0x0000000019330000)]
  0x0000000016711800 JavaThread "Finalizer" daemon [_thread_blocked, id=18744, stack(0x0000000019030000,0x0000000019130000)]
  0x000000001670a800 JavaThread "Reference Handler" daemon [_thread_blocked, id=24200, stack(0x0000000018f30000,0x0000000019030000)]
  0x000000000088d800 JavaThread "main" [_thread_blocked, id=2600, stack(0x0000000002550000,0x0000000002650000)]

Other Threads:
  0x0000000017db2000 VMThread [stack: 0x0000000018e30000,0x0000000018f30000] [id=19900]
  0x0000000017e83800 WatcherThread [stack: 0x0000000019930000,0x0000000019a30000] [id=22728]

VM state:not at safepoint (normal execution)

VM Mutex/Monitor currently owned by a thread: None

Heap:
 PSYoungGen      total 98816K, used 60483K [0x00000000e0000000, 0x00000000e8580000, 0x0000000100000000)
  eden space 87552K, 57% used [0x00000000e0000000,0x00000000e3105128,0x00000000e5580000)
  from space 11264K, 91% used [0x00000000e5580000,0x00000000e5f8baf8,0x00000000e6080000)
  to   space 11776K, 0% used [0x00000000e7a00000,0x00000000e7a00000,0x00000000e8580000)
 ParOldGen       total 95232K, used 16248K [0x00000000a0000000, 0x00000000a5d00000, 0x00000000e0000000)
  object space 95232K, 17% used [0x00000000a0000000,0x00000000a0fde260,0x00000000a5d00000)
 Metaspace       used 43818K, capacity 44678K, committed 44968K, reserved 1087488K
  class space    used 5985K, capacity 6270K, committed 6320K, reserved 1048576K

Card table byte_map: [0x0000000011b10000,0x0000000011e20000] byte_map_base: 0x0000000011610000

Marking Bits: (ParMarkBitMap*) 0x00000000638d5aa0
 Begin Bits: [0x0000000012a20000, 0x0000000014220000)
 End Bits:   [0x0000000014220000, 0x0000000015a20000)

Polling page: 0x0000000000840000

CodeCache: size=245760Kb used=14734Kb max_used=14745Kb free=231025Kb
 bounds [0x0000000002750000, 0x00000000035d0000, 0x0000000011750000]
 total_blobs=4834 nmethods=4096 adapters=650
 compilation: enabled

Compilation events (10 events):
Event: 6.215 Thread 0x0000000016719000 4129       3       java.lang.reflect.AccessibleObject::isAnnotationPresent (6 bytes)
Event: 6.216 Thread 0x0000000016719000 nmethod 4129 0x00000000035b4c10 code [0x00000000035b4d80, 0x00000000035b5048]
Event: 6.216 Thread 0x0000000016719000 4130       3       sun.reflect.ClassFileAssembler::opc_athrow (12 bytes)
Event: 6.216 Thread 0x0000000016719000 nmethod 4130 0x00000000035b4610 code [0x00000000035b47a0, 0x00000000035b4aa8]
Event: 6.216 Thread 0x0000000017de0800 4131       4       java.util.HashMap$EntryIterator::next (5 bytes)
Event: 6.216 Thread 0x0000000016719000 4132       3       com.sun.xml.bind.v2.model.annotation.RuntimeInlineAnnotationReader::hasFieldAnnotation (10 bytes)
Event: 6.217 Thread 0x0000000016719000 nmethod 4132 0x00000000035b91d0 code [0x00000000035b93c0, 0x00000000035b9cf8]
Event: 6.217 Thread 0x0000000016719000 4133       3       com.sun.xml.bind.v2.model.annotation.RuntimeInlineAnnotationReader::hasFieldAnnotation (6 bytes)
Event: 6.217 Thread 0x0000000016719000 nmethod 4133 0x00000000035ba290 code [0x00000000035ba460, 0x00000000035babd8]
Event: 6.217 Thread 0x0000000016719000 4135       3       com.sun.xml.bind.v2.model.impl.RuntimeClassInfoImpl$RuntimePropertySeed::readAnnotation (11 bytes)

GC Heap History (10 events):
Event: 1.862 GC heap before
{Heap before GC invocations=7 (full 1):
 PSYoungGen      total 71680K, used 66560K [0x00000000e0000000, 0x00000000e4b00000, 0x0000000100000000)
  eden space 66560K, 100% used [0x00000000e0000000,0x00000000e4100000,0x00000000e4100000)
  from space 5120K, 0% used [0x00000000e4100000,0x00000000e4100000,0x00000000e4600000)
  to   space 5120K, 0% used [0x00000000e4600000,0x00000000e4600000,0x00000000e4b00000)
 ParOldGen       total 61952K, used 8177K [0x00000000a0000000, 0x00000000a3c80000, 0x00000000e0000000)
  object space 61952K, 13% used [0x00000000a0000000,0x00000000a07fc6e8,0x00000000a3c80000)
 Metaspace       used 26565K, capacity 27030K, committed 27184K, reserved 1073152K
  class space    used 3660K, capacity 3801K, committed 3888K, reserved 1048576K
Event: 1.867 GC heap after
Heap after GC invocations=7 (full 1):
 PSYoungGen      total 67072K, used 5103K [0x00000000e0000000, 0x00000000e7480000, 0x0000000100000000)
  eden space 61952K, 0% used [0x00000000e0000000,0x00000000e0000000,0x00000000e3c80000)
  from space 5120K, 99% used [0x00000000e4600000,0x00000000e4afbcb8,0x00000000e4b00000)
  to   space 9728K, 0% used [0x00000000e3c80000,0x00000000e3c80000,0x00000000e4600000)
 ParOldGen       total 61952K, used 10212K [0x00000000a0000000, 0x00000000a3c80000, 0x00000000e0000000)
  object space 61952K, 16% used [0x00000000a0000000,0x00000000a09f91a0,0x00000000a3c80000)
 Metaspace       used 26565K, capacity 27030K, committed 27184K, reserved 1073152K
  class space    used 3660K, capacity 3801K, committed 3888K, reserved 1048576K
}
Event: 4.664 GC heap before
{Heap before GC invocations=8 (full 1):
 PSYoungGen      total 67072K, used 67055K [0x00000000e0000000, 0x00000000e7480000, 0x0000000100000000)
  eden space 61952K, 100% used [0x00000000e0000000,0x00000000e3c80000,0x00000000e3c80000)
  from space 5120K, 99% used [0x00000000e4600000,0x00000000e4afbcb8,0x00000000e4b00000)
  to   space 9728K, 0% used [0x00000000e3c80000,0x00000000e3c80000,0x00000000e4600000)
 ParOldGen       total 61952K, used 10212K [0x00000000a0000000, 0x00000000a3c80000, 0x00000000e0000000)
  object space 61952K, 16% used [0x00000000a0000000,0x00000000a09f91a0,0x00000000a3c80000)
 Metaspace       used 29714K, capacity 30184K, committed 30512K, reserved 1075200K
  class space    used 4158K, capacity 4319K, committed 4400K, reserved 1048576K
Event: 4.669 GC heap after
Heap after GC invocations=8 (full 1):
 PSYoungGen      total 71680K, used 8388K [0x00000000e0000000, 0x00000000e6b00000, 0x0000000100000000)
  eden space 61952K, 0% used [0x00000000e0000000,0x00000000e0000000,0x00000000e3c80000)
  from space 9728K, 86% used [0x00000000e3c80000,0x00000000e44b1330,0x00000000e4600000)
  to   space 10240K, 0% used [0x00000000e6100000,0x00000000e6100000,0x00000000e6b00000)
 ParOldGen       total 61952K, used 10220K [0x00000000a0000000, 0x00000000a3c80000, 0x00000000e0000000)
  object space 61952K, 16% used [0x00000000a0000000,0x00000000a09fb1a0,0x00000000a3c80000)
 Metaspace       used 29714K, capacity 30184K, committed 30512K, reserved 1075200K
  class space    used 4158K, capacity 4319K, committed 4400K, reserved 1048576K
}
Event: 5.179 GC heap before
{Heap before GC invocations=9 (full 1):
 PSYoungGen      total 71680K, used 39903K [0x00000000e0000000, 0x00000000e6b00000, 0x0000000100000000)
  eden space 61952K, 50% used [0x00000000e0000000,0x00000000e1ec6a90,0x00000000e3c80000)
  from space 9728K, 86% used [0x00000000e3c80000,0x00000000e44b1330,0x00000000e4600000)
  to   space 10240K, 0% used [0x00000000e6100000,0x00000000e6100000,0x00000000e6b00000)
 ParOldGen       total 61952K, used 10220K [0x00000000a0000000, 0x00000000a3c80000, 0x00000000e0000000)
  object space 61952K, 16% used [0x00000000a0000000,0x00000000a09fb1a0,0x00000000a3c80000)
 Metaspace       used 34913K, capacity 35436K, committed 35496K, reserved 1079296K
  class space    used 4837K, capacity 5030K, committed 5040K, reserved 1048576K
Event: 5.184 GC heap after
Heap after GC invocations=9 (full 1):
 PSYoungGen      total 97792K, used 9904K [0x00000000e0000000, 0x00000000e6b80000, 0x0000000100000000)
  eden space 87552K, 0% used [0x00000000e0000000,0x00000000e0000000,0x00000000e5580000)
  from space 10240K, 96% used [0x00000000e6100000,0x00000000e6aac130,0x00000000e6b00000)
  to   space 11264K, 0% used [0x00000000e5580000,0x00000000e5580000,0x00000000e6080000)
 ParOldGen       total 61952K, used 10228K [0x00000000a0000000, 0x00000000a3c80000, 0x00000000e0000000)
  object space 61952K, 16% used [0x00000000a0000000,0x00000000a09fd1a0,0x00000000a3c80000)
 Metaspace       used 34913K, capacity 35436K, committed 35496K, reserved 1079296K
  class space    used 4837K, capacity 5030K, committed 5040K, reserved 1048576K
}
Event: 5.184 GC heap before
{Heap before GC invocations=10 (full 2):
 PSYoungGen      total 97792K, used 9904K [0x00000000e0000000, 0x00000000e6b80000, 0x0000000100000000)
  eden space 87552K, 0% used [0x00000000e0000000,0x00000000e0000000,0x00000000e5580000)
  from space 10240K, 96% used [0x00000000e6100000,0x00000000e6aac130,0x00000000e6b00000)
  to   space 11264K, 0% used [0x00000000e5580000,0x00000000e5580000,0x00000000e6080000)
 ParOldGen       total 61952K, used 10228K [0x00000000a0000000, 0x00000000a3c80000, 0x00000000e0000000)
  object space 61952K, 16% used [0x00000000a0000000,0x00000000a09fd1a0,0x00000000a3c80000)
 Metaspace       used 34913K, capacity 35436K, committed 35496K, reserved 1079296K
  class space    used 4837K, capacity 5030K, committed 5040K, reserved 1048576K
Event: 5.217 GC heap after
Heap after GC invocations=10 (full 2):
 PSYoungGen      total 97792K, used 0K [0x00000000e0000000, 0x00000000e6b80000, 0x0000000100000000)
  eden space 87552K, 0% used [0x00000000e0000000,0x00000000e0000000,0x00000000e5580000)
  from space 10240K, 0% used [0x00000000e6100000,0x00000000e6100000,0x00000000e6b00000)
  to   space 11264K, 0% used [0x00000000e5580000,0x00000000e5580000,0x00000000e6080000)
 ParOldGen       total 95232K, used 16240K [0x00000000a0000000, 0x00000000a5d00000, 0x00000000e0000000)
  object space 95232K, 17% used [0x00000000a0000000,0x00000000a0fdc260,0x00000000a5d00000)
 Metaspace       used 34913K, capacity 35436K, committed 35496K, reserved 1079296K
  class space    used 4837K, capacity 5030K, committed 5040K, reserved 1048576K
}
Event: 5.815 GC heap before
{Heap before GC invocations=11 (full 2):
 PSYoungGen      total 97792K, used 87552K [0x00000000e0000000, 0x00000000e6b80000, 0x0000000100000000)
  eden space 87552K, 100% used [0x00000000e0000000,0x00000000e5580000,0x00000000e5580000)
  from space 10240K, 0% used [0x00000000e6100000,0x00000000e6100000,0x00000000e6b00000)
  to   space 11264K, 0% used [0x00000000e5580000,0x00000000e5580000,0x00000000e6080000)
 ParOldGen       total 95232K, used 16240K [0x00000000a0000000, 0x00000000a5d00000, 0x00000000e0000000)
  object space 95232K, 17% used [0x00000000a0000000,0x00000000a0fdc260,0x00000000a5d00000)
 Metaspace       used 40119K, capacity 40794K, committed 41128K, reserved 1085440K
  class space    used 5449K, capacity 5695K, committed 5808K, reserved 1048576K
Event: 5.822 GC heap after
Heap after GC invocations=11 (full 2):
 PSYoungGen      total 98816K, used 10286K [0x00000000e0000000, 0x00000000e8580000, 0x0000000100000000)
  eden space 87552K, 0% used [0x00000000e0000000,0x00000000e0000000,0x00000000e5580000)
  from space 11264K, 91% used [0x00000000e5580000,0x00000000e5f8baf8,0x00000000e6080000)
  to   space 11776K, 0% used [0x00000000e7a00000,0x00000000e7a00000,0x00000000e8580000)
 ParOldGen       total 95232K, used 16248K [0x00000000a0000000, 0x00000000a5d00000, 0x00000000e0000000)
  object space 95232K, 17% used [0x00000000a0000000,0x00000000a0fde260,0x00000000a5d00000)
 Metaspace       used 40119K, capacity 40794K, committed 41128K, reserved 1085440K
  class space    used 5449K, capacity 5695K, committed 5808K, reserved 1048576K
}

Deoptimization events (10 events):
Event: 5.674 Thread 0x000000001aba1800 Uncommon trap: reason=unstable_if action=reinterpret pc=0x00000000032054b8 method=java.util.LinkedHashMap.get(Ljava/lang/Object;)Ljava/lang/Object; @ 20
Event: 5.687 Thread 0x000000001aba1800 Uncommon trap: reason=unstable_if action=reinterpret pc=0x00000000032491fc method=java.security.CodeSource.matchCerts(Ljava/security/CodeSource;Z)Z @ 11
Event: 5.699 Thread 0x000000001aba1800 Uncommon trap: reason=unstable_if action=reinterpret pc=0x0000000002fa400c method=org.objectweb.asm.ByteVector.putUTF8(Ljava/lang/String;)Lorg/objectweb/asm/ByteVector; @ 91
Event: 5.738 Thread 0x000000001aba1800 Uncommon trap: reason=unstable_if action=reinterpret pc=0x0000000002ea2670 method=org.objectweb.asm.ByteVector.putUTF8(Ljava/lang/String;)Lorg/objectweb/asm/ByteVector; @ 91
Event: 5.879 Thread 0x000000001aba1800 Uncommon trap: reason=unstable_if action=reinterpret pc=0x00000000033c0e2c method=org.gradle.internal.reflect.PropertyAccessorType.of(Ljava/lang/reflect/Method;)Lorg/gradle/internal/reflect/PropertyAccessorType; @ 56
Event: 5.980 Thread 0x000000001aba1800 Uncommon trap: reason=bimorphic action=maybe_recompile pc=0x00000000034dd684 method=java.util.regex.Pattern$5.isSatisfiedBy(I)Z @ 16
Event: 5.980 Thread 0x000000001aba1800 Uncommon trap: reason=bimorphic action=maybe_recompile pc=0x00000000034dd684 method=java.util.regex.Pattern$5.isSatisfiedBy(I)Z @ 16
Event: 5.980 Thread 0x000000001aba1800 Uncommon trap: reason=bimorphic action=maybe_recompile pc=0x00000000034dd684 method=java.util.regex.Pattern$5.isSatisfiedBy(I)Z @ 16
Event: 5.980 Thread 0x000000001aba1800 Uncommon trap: reason=bimorphic action=maybe_recompile pc=0x00000000034dd684 method=java.util.regex.Pattern$5.isSatisfiedBy(I)Z @ 16
Event: 5.982 Thread 0x000000001aba1800 Uncommon trap: reason=unstable_if action=reinterpret pc=0x00000000035472d8 method=java.util.Formatter$Flags.contains(Ljava/util/Formatter$Flags;)Z @ 13

Classes redefined (0 events):
No events

Internal exceptions (10 events):
Event: 6.076 Thread 0x000000001aba1800 Exception <a 'sun/nio/fs/WindowsException'> (0x00000000e2219750) thrown at [D:\src\AOSP-openjdk-cygwin\jdk8u\hotspot\src\share\vm\prims\jni.cpp, line 709]
Event: 6.076 Thread 0x000000001aba1800 Exception <a 'sun/nio/fs/WindowsException'> (0x00000000e221a3a0) thrown at [D:\src\AOSP-openjdk-cygwin\jdk8u\hotspot\src\share\vm\prims\jni.cpp, line 709]
Event: 6.076 Thread 0x000000001aba1800 Exception <a 'sun/nio/fs/WindowsException'> (0x00000000e221c030) thrown at [D:\src\AOSP-openjdk-cygwin\jdk8u\hotspot\src\share\vm\prims\jni.cpp, line 709]
Event: 6.076 Thread 0x000000001aba1800 Exception <a 'sun/nio/fs/WindowsException'> (0x00000000e221ccb8) thrown at [D:\src\AOSP-openjdk-cygwin\jdk8u\hotspot\src\share\vm\prims\jni.cpp, line 709]
Event: 6.077 Thread 0x000000001aba1800 Exception <a 'sun/nio/fs/WindowsException'> (0x00000000e2220520) thrown at [D:\src\AOSP-openjdk-cygwin\jdk8u\hotspot\src\share\vm\prims\jni.cpp, line 709]
Event: 6.077 Thread 0x000000001aba1800 Exception <a 'sun/nio/fs/WindowsException'> (0x00000000e22211d0) thrown at [D:\src\AOSP-openjdk-cygwin\jdk8u\hotspot\src\share\vm\prims\jni.cpp, line 709]
Event: 6.077 Thread 0x000000001aba1800 Exception <a 'sun/nio/fs/WindowsException'> (0x00000000e2222eb0) thrown at [D:\src\AOSP-openjdk-cygwin\jdk8u\hotspot\src\share\vm\prims\jni.cpp, line 709]
Event: 6.077 Thread 0x000000001aba1800 Exception <a 'sun/nio/fs/WindowsException'> (0x00000000e2223ba0) thrown at [D:\src\AOSP-openjdk-cygwin\jdk8u\hotspot\src\share\vm\prims\jni.cpp, line 709]
Event: 6.121 Thread 0x000000001aba1800 Exception <a 'java/lang/ClassNotFoundException': com/sun/org/glassfish/hk2/osgiresourcelocator/ServiceLoader> (0x00000000e2280328) thrown at [D:\src\AOSP-openjdk-cygwin\jdk8u\hotspot\src\share\vm\classfile\systemDictionary.cpp, line 210]
Event: 6.160 Thread 0x000000001aba1800 Exception <a 'java/lang/NullPointerException'> (0x00000000e2715c60) thrown at [D:\src\AOSP-openjdk-cygwin\jdk8u\hotspot\src\share\vm\interpreter\linkResolver.cpp, line 1301]

Events (10 events):
Event: 6.205 loading class com/sun/xml/bind/v2/model/nav/ParameterizedTypeImpl
Event: 6.205 loading class com/sun/xml/bind/v2/model/nav/ParameterizedTypeImpl done
Event: 6.208 loading class com/sun/xml/bind/v2/model/impl/AttributePropertyInfoImpl$1
Event: 6.208 loading class com/sun/xml/bind/v2/model/impl/AttributePropertyInfoImpl$1 done
Event: 6.209 loading class com/android/repository/impl/meta/TypeDetails
Event: 6.209 loading class com/android/repository/impl/meta/TypeDetails done
Event: 6.209 loading class com/android/repository/impl/generated/v1/TypeDetails
Event: 6.209 loading class com/android/repository/impl/generated/v1/TypeDetails done
Event: 6.214 loading class com/android/repository/impl/meta/Archive$HostConfig
Event: 6.214 loading class com/android/repository/impl/meta/Archive$HostConfig done


Dynamic libraries:
0x00007ff734f60000 - 0x00007ff734f91000 	D:\android\jre\bin\java.exe
0x00007fffcb650000 - 0x00007fffcb831000 	C:\WINDOWS\SYSTEM32\ntdll.dll
0x00007fffcb0b0000 - 0x00007fffcb162000 	C:\WINDOWS\System32\KERNEL32.DLL
0x00007fffc7c90000 - 0x00007fffc7f03000 	C:\WINDOWS\System32\KERNELBASE.dll
0x00007fffcabe0000 - 0x00007fffcac81000 	C:\WINDOWS\System32\ADVAPI32.dll
0x00007fffca180000 - 0x00007fffca21e000 	C:\WINDOWS\System32\msvcrt.dll
0x00007fffca930000 - 0x00007fffca98b000 	C:\WINDOWS\System32\sechost.dll
0x00007fffcaef0000 - 0x00007fffcb014000 	C:\WINDOWS\System32\RPCRT4.dll
0x00007fffca7a0000 - 0x00007fffca930000 	C:\WINDOWS\System32\USER32.dll
0x00007fffc7b20000 - 0x00007fffc7b40000 	C:\WINDOWS\System32\win32u.dll
0x00007fffc9f20000 - 0x00007fffc9f48000 	C:\WINDOWS\System32\GDI32.dll
0x00007fffc7f90000 - 0x00007fffc8122000 	C:\WINDOWS\System32\gdi32full.dll
0x00007fffc7bf0000 - 0x00007fffc7c8f000 	C:\WINDOWS\System32\msvcp_win.dll
0x00007fffc7a20000 - 0x00007fffc7b1a000 	C:\WINDOWS\System32\ucrtbase.dll
0x00007fffa6940000 - 0x00007fffa6ba9000 	C:\WINDOWS\WinSxS\amd64_microsoft.windows.common-controls_6595b64144ccf1df_6.0.17134.472_none_fb3f9af53068156d\COMCTL32.dll
0x00007fffca220000 - 0x00007fffca542000 	C:\WINDOWS\System32\combase.dll
0x00007fffc7f10000 - 0x00007fffc7f8a000 	C:\WINDOWS\System32\bcryptPrimitives.dll
0x00007fffca770000 - 0x00007fffca79d000 	C:\WINDOWS\System32\IMM32.DLL
0x00000000608a0000 - 0x0000000060972000 	D:\android\jre\jre\bin\msvcr100.dll
0x0000000063110000 - 0x0000000063951000 	D:\android\jre\jre\bin\server\jvm.dll
0x00007fffcb090000 - 0x00007fffcb098000 	C:\WINDOWS\System32\PSAPI.DLL
0x00007fffc4d60000 - 0x00007fffc4d83000 	C:\WINDOWS\SYSTEM32\WINMM.dll
0x00007fffb84c0000 - 0x00007fffb84c9000 	C:\WINDOWS\SYSTEM32\WSOCK32.dll
0x00007fffc2db0000 - 0x00007fffc2dba000 	C:\WINDOWS\SYSTEM32\VERSION.dll
0x00007fffcb020000 - 0x00007fffcb08c000 	C:\WINDOWS\System32\WS2_32.dll
0x00007fffc4cd0000 - 0x00007fffc4cfa000 	C:\WINDOWS\SYSTEM32\WINMMBASE.dll
0x00007fffc8130000 - 0x00007fffc8179000 	C:\WINDOWS\System32\cfgmgr32.dll
0x00007fffc55e0000 - 0x00007fffc55ef000 	D:\android\jre\jre\bin\verify.dll
0x00007fffc2200000 - 0x00007fffc2229000 	D:\android\jre\jre\bin\java.dll
0x00007fffc2dc0000 - 0x00007fffc2dd6000 	D:\android\jre\jre\bin\zip.dll
0x00007fffc8ae0000 - 0x00007fffc9f20000 	C:\WINDOWS\System32\SHELL32.dll
0x00007fffcaca0000 - 0x00007fffcad49000 	C:\WINDOWS\System32\shcore.dll
0x00007fffc8180000 - 0x00007fffc888d000 	C:\WINDOWS\System32\windows.storage.dll
0x00007fffcb5c0000 - 0x00007fffcb611000 	C:\WINDOWS\System32\shlwapi.dll
0x00007fffc7960000 - 0x00007fffc7971000 	C:\WINDOWS\System32\kernel.appcore.dll
0x00007fffc79d0000 - 0x00007fffc79ef000 	C:\WINDOWS\System32\profapi.dll
0x00007fffc7980000 - 0x00007fffc79cc000 	C:\WINDOWS\System32\powrprof.dll
0x00007fffc79f0000 - 0x00007fffc79fa000 	C:\WINDOWS\System32\FLTLIB.DLL
0x00007fffc0600000 - 0x00007fffc061a000 	D:\android\jre\jre\bin\net.dll
0x00007fffc7180000 - 0x00007fffc71e6000 	C:\WINDOWS\system32\mswsock.dll
0x00007fffb9800000 - 0x00007fffb9811000 	D:\android\jre\jre\bin\nio.dll
0x00007fffa9a10000 - 0x00007fffa9a2e000 	C:\Users\User\.gradle\native\25\windows-amd64\native-platform.dll
0x00007fffc55c0000 - 0x00007fffc55cd000 	D:\android\jre\jre\bin\management.dll
0x00007fffc7340000 - 0x00007fffc7357000 	C:\WINDOWS\SYSTEM32\CRYPTSP.dll
0x00007fffc6d60000 - 0x00007fffc6d93000 	C:\WINDOWS\system32\rsaenh.dll
0x00007fffc7460000 - 0x00007fffc7485000 	C:\WINDOWS\SYSTEM32\bcrypt.dll
0x00007fffc7860000 - 0x00007fffc7888000 	C:\WINDOWS\SYSTEM32\USERENV.dll
0x00007fffc7330000 - 0x00007fffc733b000 	C:\WINDOWS\SYSTEM32\CRYPTBASE.dll
0x00007fffc6f00000 - 0x00007fffc6f38000 	C:\WINDOWS\SYSTEM32\IPHLPAPI.DLL
0x00007fffcac90000 - 0x00007fffcac98000 	C:\WINDOWS\System32\NSI.dll
0x00007fffbf500000 - 0x00007fffbf516000 	C:\WINDOWS\SYSTEM32\dhcpcsvc6.DLL
0x00007fffbf590000 - 0x00007fffbf5aa000 	C:\WINDOWS\SYSTEM32\dhcpcsvc.DLL

VM Arguments:
jvm_args: -Xmx1536m -Dfile.encoding=windows-1251 -Duser.country=RU -Duser.language=ru -Duser.variant 
java_command: org.gradle.launcher.daemon.bootstrap.GradleDaemon 4.6
java_class_path (initial): C:\Users\User\.gradle\wrapper\dists\gradle-4.6-all\bcst21l2brirad8k2ben1letg\gradle-4.6\lib\gradle-launcher-4.6.jar
Launcher Type: SUN_STANDARD

Environment Variables:
PATH=C:\Program Files (x86)\Common Files\Oracle\Java\javapath;C:\Windows\system32;C:\Windows;C:\Windows\System32\Wbem;C:\Windows\System32\WindowsPowerShell\v1.0\;C:\Program Files (x86)\NVIDIA Corporation\PhysX\Common;C:\Program Files\Git\cmd;C:\Program Files\nodejs\;C:\WINDOWS\system32;C:\WINDOWS;C:\WINDOWS\System32\Wbem;C:\WINDOWS\System32\WindowsPowerShell\v1.0\;C:\WINDOWS\System32\OpenSSH\;D:\Microsoft VS Code\bin;C:\Program Files (x86)\Microsoft SQL Server\Client SDK\ODBC\130\Tools\Binn\;C:\Program Files (x86)\Microsoft SQL Server\140\Tools\Binn\;C:\Program Files (x86)\Microsoft SQL Server\140\DTS\Binn\;C:\Program Files (x86)\Microsoft SQL Server\140\Tools\Binn\ManagementStudio\;C:\Program Files\Microsoft SQL Server\Client SDK\ODBC\130\Tools\Binn\;C:\Program Files\Microsoft SQL Server\140\Tools\Binn\;C:\Program Files\Microsoft SQL Server\140\DTS\Binn\;C:\Program Files\NVIDIA Corporation\NVIDIA NvDLISR;C:\Users\User\AppData\Local\Microsoft\WindowsApps;C:\Users\User\AppData\Roaming\npm;C:\Program Files\Microsoft VS Code\bin;D:\Microsoft VS Code\bin;
USERNAME=User
OS=Windows_NT
PROCESSOR_IDENTIFIER=Intel64 Family 6 Model 158 Stepping 10, GenuineIntel



---------------  S Y S T E M  ---------------

OS: Windows 10.0 , 64 bit Build 17134 (10.0.17134.1)

CPU:total 12 (initial active 12) (6 cores per cpu, 2 threads per core) family 6 model 158 stepping 10, cmov, cx8, fxsr, mmx, sse, sse2, sse3, ssse3, sse4.1, sse4.2, popcnt, avx, avx2, aes, clmul, erms, rtm, 3dnowpref, lzcnt, ht, tsc, tscinvbit, bmi1, bmi2, adx

Memory: 4k page, physical 8332940k(960276k free), swap 23900556k(4884k free)

vm_info: OpenJDK 64-Bit Server VM (25.152-b06) for windows-amd64 JRE (1.8.0_152-release-1136-b06), built by "builder" with MS VC++ 10.0 (VS2010)

time: Mon Dec 31 01:12:24 2018
elapsed time: 6 seconds (0d 0h 0m 6s)

